<?xml version="1.0" encoding="UTF-8"?>
<!-- Generated by org.testng.reporters.JUnitReportReporter -->
<testsuite hostname="DESKTOP-IPL039H" failures="0" tests="1" name="Day1.HTTPMethods" time="1.785" errors="0" timestamp="2023-08-28T20:33:49 IST" skipped="0">
  <testcase classname="Day1.HTTPMethods" name="getUser" time="1.785"/>
</testsuite> <!-- Day1.HTTPMethods -->
